MPASM 5.81                          LEDS.ASM   9-1-2025  23:44:19         PAGE  1


LOC  OBJECT CODE     LINE SOURCE TEXT
  VALUE

                      00001 ;*** Directivas de Inclusión ***    
Warning[205]: Found directive in column 1. (LIST)
                      00002 LIST P=16F887                   
                      00003 #include "p16f887.inc"  
                      00001         LIST
                      00002 
                      00003 ;==========================================================================
                      00004 ; Build date : Jul 23 2018
                      00005 ;  MPASM PIC16F887 processor include
                      00006 ; 
                      00007 ;  (c) Copyright 1999-2018 Microchip Technology, All rights reserved
                      00008 ;==========================================================================
                      00009 
                      00810         LIST
                      00004 
                      00005 ;**** Configuración General ****        
2007   2FF1           00006         __CONFIG _CONFIG1, _XT_OSC & _WDTE_OFF & _MCLRE_ON & _LVP_OFF       
                      00007 ;**** Definición de Variables ****
                      00008             CBLOCK  0X20
  00000020            00009                     DELAY1 
  00000021            00010                     DELAY2 
  00000022            00011                     DELAY3
  00000023            00012                     DELAY4
  00000024            00013                     DELAY5
  00000025            00014                     DELAY6
  00000026            00015                     DELAYRB1
  00000027            00016                     DELAYRB2
  00000028            00017                     DELAYRB3
                      00018             ENDC
                      00019     
                      00020 ;*** Inicialización de Programa ***         
                      00021             ORG     0x00
0000   2???           00022             GOTO    INICIO
                      00023 INICIO      ORG     0x05
                      00024 ;*** Configuración de Puertos ***
0005                  00025 INICIO      
0005   1683           00026             BSF     STATUS,RP0
0006   1703           00027             BSF     STATUS,RP1      ;Banco 3
Message[302]: Register in operand not in bank 0.  Ensure that bank bits are correct.
0007   0189           00028             CLRF    ANSELH          ;PORTB digital
Message[302]: Register in operand not in bank 0.  Ensure that bank bits are correct.
0008   1288           00029             BCF     ANSEL,5         ;RE0 digital
0009   1303           00030             BCF     STATUS,RP1      ;Banco 1
Message[302]: Register in operand not in bank 0.  Ensure that bank bits are correct.
000A   0186           00031             CLRF    TRISB           ;PORTB salida
Message[302]: Register in operand not in bank 0.  Ensure that bank bits are correct.
000B   1409           00032             BSF     TRISE,0         ;RE0 entrada
000C   1283           00033             BCF     STATUS,RP0      ;Banco 0
000D   0186           00034             CLRF    PORTB
                      00035 
000E                  00036 TRE0
000E   2???           00037             CALL DELAY_RB
000F   1809           00038             BTFSC   PORTE,0
MPASM 5.81                          LEDS.ASM   9-1-2025  23:44:19         PAGE  2


LOC  OBJECT CODE     LINE SOURCE TEXT
  VALUE

0010   2???           00039             GOTO    LOOP_B
0011   2???           00040             GOTO    LOOP_RL
0012                  00041 LOOP_B
0012   30FF           00042         MOVLW   .255
0013   0086           00043         MOVWF   PORTB
0014   2???           00044         CALL    DELAY_1s
0015   0186           00045         CLRF    PORTB
0016   2???           00046         CALL    DELAY_1s
0017   2???           00047         GOTO    TRE0
                      00048             
                      00049 
0018                  00050 LOOP_RL     
0018   1406           00051             BSF     PORTB,RB0       ;RB0 en 1
0019   2???           00052             CALL    DELAY_200ms
001A   1809           00053             BTFSC   PORTE,0
001B   2???           00054             GOTO    TRE0
001C   1006           00055             BCF     PORTB,RB0       ;RB0 en 0
001D   1486           00056             BSF     PORTB,RB1       ;RB1 en 1
001E   2???           00057             CALL    DELAY_200ms
001F   1809           00058             BTFSC   PORTE,0
0020   2???           00059             GOTO    TRE0
0021   1086           00060             BCF     PORTB,RB1       ;RB1 en 0
0022   1506           00061             BSF     PORTB,RB2       ;RB2 en 1
0023   2???           00062             CALL    DELAY_200ms
0024   1809           00063             BTFSC   PORTE,0
0025   2???           00064             GOTO    TRE0
0026   1106           00065             BCF     PORTB,RB2       ;RB2 en 0
0027   1586           00066             BSF     PORTB,RB3       ;RB3 en 1
0028   2???           00067             CALL    DELAY_200ms
0029   1809           00068             BTFSC   PORTE,0
002A   2???           00069             GOTO    TRE0
002B   1186           00070             BCF     PORTB,RB3       ;RB3 en 0
002C   1606           00071             BSF     PORTB,RB4       ;RB4 en 1
002D   2???           00072             CALL    DELAY_200ms
002E   1809           00073             BTFSC   PORTE,0
002F   2???           00074             GOTO    TRE0
0030   1206           00075             BCF     PORTB,RB4       ;RB4 en 0
0031   1686           00076             BSF     PORTB,RB5       ;RB5 en 1
0032   2???           00077             CALL    DELAY_200ms
0033   1809           00078             BTFSC   PORTE,0
0034   2???           00079             GOTO    TRE0
0035   1286           00080             BCF     PORTB,RB5       ;RB5 en 0
0036   1706           00081             BSF     PORTB,RB6       ;RB6 en 1
0037   2???           00082             CALL    DELAY_200ms
0038   1809           00083             BTFSC   PORTE,0
0039   2???           00084             GOTO    TRE0
003A   1306           00085             BCF     PORTB,RB6       ;RB6 en 0
003B   1786           00086             BSF     PORTB,RB7       ;RB7 en 1
003C   2???           00087             CALL    DELAY_200ms
003D   1809           00088             BTFSC   PORTE,0
003E   2???           00089             GOTO    TRE0
003F   1386           00090             BCF     PORTB,RB7       ;RB7 en 0
0040   2???           00091             CALL    DELAY_200ms
MPASM 5.81                          LEDS.ASM   9-1-2025  23:44:19         PAGE  3


LOC  OBJECT CODE     LINE SOURCE TEXT
  VALUE

0041   2???           00092             GOTO    TRE0
                      00093             
                      00094 ;*** Subrutinas ***         
                      00095 ; Subrutina de Retardo con 3 Bucles Anidados para 1s 
0042   30FF           00096 DELAY_1s    MOVLW   D'255'          ; 255 -> W
0043   00A0           00097             MOVWF   DELAY1          ; W -> DELAY1
Warning[207]: Found label after column 1. (LOOP1)
0044   30F5           00098     LOOP1   MOVLW   D'245'          ; 245 -> W
0045   00A1           00099             MOVWF   DELAY2          ; W -> DELAY2
Warning[207]: Found label after column 1. (LOOP2)
0046   3004           00100     LOOP2   MOVLW   D'4'            ; 4 -> W
0047   00A2           00101             MOVWF   DELAY3          ; W -> DELAY3
Warning[207]: Found label after column 1. (LOOP3)
0048   0BA2           00102     LOOP3   DECFSZ  DELAY3,F
0049   2???           00103             GOTO    LOOP3
004A   0BA1           00104             DECFSZ  DELAY2,F
004B   2???           00105             GOTO    LOOP2
004C   0BA0           00106             DECFSZ  DELAY1,F
004D   2???           00107             GOTO    LOOP1
004E   0008           00108             RETURN
                      00109             
004F   30C8           00110 DELAY_200ms MOVLW   .200            ; 200 -> W
0050   00A3           00111             MOVWF   DELAY4          ; W -> DELAY1
Warning[207]: Found label after column 1. (LOOP4)
0051   3032           00112     LOOP4   MOVLW   .50             ; 50 -> W
0052   00A4           00113             MOVWF   DELAY5          ; W -> DELAY2
Warning[207]: Found label after column 1. (LOOP5)
0053   300A           00114     LOOP5   MOVLW   .10             ; 10 -> W
0054   00A5           00115             MOVWF   DELAY6          ; W -> DELAY3
Warning[207]: Found label after column 1. (LOOP6)
0055   0BA5           00116     LOOP6   DECFSZ  DELAY6,F
0056   2???           00117             GOTO    LOOP6
0057   0BA4           00118             DECFSZ  DELAY5,F
0058   2???           00119             GOTO    LOOP5
0059   0BA3           00120             DECFSZ  DELAY4,F
005A   2???           00121             GOTO    LOOP4
005B   0008           00122             RETURN
                      00123 
                      00124             
005C   30C8           00125 DELAY_RB    MOVLW   .200            ; 200 -> W
005D   00A6           00126             MOVWF   DELAYRB1        ; W -> DELAY1
Warning[207]: Found label after column 1. (LOOPRB1)
005E   3019           00127     LOOPRB1 MOVLW   .25             ; 25 -> W
005F   00A7           00128             MOVWF   DELAYRB2        ; W -> DELAY2
Warning[207]: Found label after column 1. (LOOPRB2)
0060   3002           00129     LOOPRB2 MOVLW   .2              ; 2 -> W
0061   00A8           00130             MOVWF   DELAYRB3        ; W -> DELAY3
Warning[207]: Found label after column 1. (LOOPRB3)
0062   0BA8           00131     LOOPRB3 DECFSZ  DELAYRB3,F
0063   2???           00132             GOTO    LOOPRB3
0064   0BA7           00133             DECFSZ  DELAYRB2,F
0065   2???           00134             GOTO    LOOPRB2
0066   0BA6           00135             DECFSZ  DELAYRB1,F
MPASM 5.81                          LEDS.ASM   9-1-2025  23:44:19         PAGE  4


LOC  OBJECT CODE     LINE SOURCE TEXT
  VALUE

0067   2???           00136             GOTO    LOOPRB1
0068   0008           00137             RETURN
                      00138             
2FF1                  00139             END
MPASM 5.81                          LEDS.ASM   9-1-2025  23:44:19         PAGE  5


SYMBOL TABLE
  LABEL                             VALUE 

ABDEN                             00000000
ABDOVF                            00000007
ACKDT                             00000005
ACKEN                             00000004
ACKSTAT                           00000006
ADCON0                            0000001F
ADCON1                            0000009F
ADCS0                             00000006
ADCS1                             00000007
ADDEN                             00000003
ADFM                              00000007
ADIE                              00000006
ADIF                              00000006
ADON                              00000000
ADRESH                            0000001E
ADRESL                            0000009E
ANS0                              00000000
ANS1                              00000001
ANS10                             00000002
ANS11                             00000003
ANS12                             00000004
ANS13                             00000005
ANS2                              00000002
ANS3                              00000003
ANS4                              00000004
ANS5                              00000005
ANS6                              00000006
ANS7                              00000007
ANS8                              00000000
ANS9                              00000001
ANSEL                             00000188
ANSELH                            00000189
BAUDCTL                           00000187
BCLIE                             00000003
BCLIF                             00000003
BF                                00000000
BRG0                              00000000
BRG1                              00000001
BRG10                             00000002
BRG11                             00000003
BRG12                             00000004
BRG13                             00000005
BRG14                             00000006
BRG15                             00000007
BRG16                             00000003
BRG2                              00000002
BRG3                              00000003
BRG4                              00000004
BRG5                              00000005
BRG6                              00000006
BRG7                              00000007
BRG8                              00000000
BRG9                              00000001
MPASM 5.81                          LEDS.ASM   9-1-2025  23:44:19         PAGE  6


SYMBOL TABLE
  LABEL                             VALUE 

BRGH                              00000002
C                                 00000000
C1CH0                             00000000
C1CH1                             00000001
C1IE                              00000005
C1IF                              00000005
C1OE                              00000005
C1ON                              00000007
C1OUT                             00000006
C1POL                             00000004
C1R                               00000002
C1RSEL                            00000005
C1SEN                             00000005
C2CH0                             00000000
C2CH1                             00000001
C2IE                              00000006
C2IF                              00000006
C2OE                              00000005
C2ON                              00000007
C2OUT                             00000006
C2POL                             00000004
C2R                               00000002
C2REN                             00000004
C2RSEL                            00000004
C2SYNC                            00000000
CCP1CON                           00000017
CCP1IE                            00000002
CCP1IF                            00000002
CCP1M0                            00000000
CCP1M1                            00000001
CCP1M2                            00000002
CCP1M3                            00000003
CCP1X                             00000005
CCP1Y                             00000004
CCP2CON                           0000001D
CCP2IE                            00000000
CCP2IF                            00000000
CCP2M0                            00000000
CCP2M1                            00000001
CCP2M2                            00000002
CCP2M3                            00000003
CCP2X                             00000005
CCP2Y                             00000004
CCPR1                             00000015
CCPR1H                            00000016
CCPR1L                            00000015
CCPR2                             0000001B
CCPR2H                            0000001C
CCPR2L                            0000001B
CHS0                              00000002
CHS1                              00000003
CHS2                              00000004
CHS3                              00000005
MPASM 5.81                          LEDS.ASM   9-1-2025  23:44:19         PAGE  7


SYMBOL TABLE
  LABEL                             VALUE 

CKE                               00000006
CKP                               00000004
CM1CON0                           00000107
CM2CON0                           00000108
CM2CON1                           00000109
CREN                              00000004
CSRC                              00000007
D                                 00000005
DATA_ADDRESS                      00000005
DC                                00000001
DC1B0                             00000004
DC1B1                             00000005
DC2B0                             00000004
DC2B1                             00000005
DELAY1                            00000020
DELAY2                            00000021
DELAY3                            00000022
DELAY4                            00000023
DELAY5                            00000024
DELAY6                            00000025
DELAYRB1                          00000026
DELAYRB2                          00000027
DELAYRB3                          00000028
DELAY_1s                          00000042
DELAY_200ms                       0000004F
DELAY_RB                          0000005C
D_A                               00000005
D_NOT_A                           00000005
ECCPAS                            0000009C
ECCPAS0                           00000004
ECCPAS1                           00000005
ECCPAS2                           00000006
ECCPASE                           00000007
EEADR                             0000010D
EEADRH                            0000010F
EECON1                            0000018C
EECON2                            0000018D
EEDAT                             0000010C
EEDATA                            0000010C
EEDATH                            0000010E
EEIE                              00000004
EEIF                              00000004
EEPGD                             00000007
F                                 00000001
FERR                              00000002
FSR                               00000004
FVREN                             00000000
GCEN                              00000007
GIE                               00000007
GO                                00000001
GO_DONE                           00000001
GO_NOT_DONE                       00000001
HTS                               00000002
MPASM 5.81                          LEDS.ASM   9-1-2025  23:44:19         PAGE  8


SYMBOL TABLE
  LABEL                             VALUE 

I2C_DATA                          00000005
I2C_READ                          00000002
I2C_START                         00000003
I2C_STOP                          00000004
INDF                              00000000
INICIO                            00000005
INTCON                            0000000B
INTE                              00000004
INTEDG                            00000006
INTF                              00000001
IOCB                              00000096
IOCB0                             00000000
IOCB1                             00000001
IOCB2                             00000002
IOCB3                             00000003
IOCB4                             00000004
IOCB5                             00000005
IOCB6                             00000006
IOCB7                             00000007
IRCF0                             00000004
IRCF1                             00000005
IRCF2                             00000006
IRP                               00000007
LOOP1                             00000044
LOOP2                             00000046
LOOP3                             00000048
LOOP4                             00000051
LOOP5                             00000053
LOOP6                             00000055
LOOPRB1                           0000005E
LOOPRB2                           00000060
LOOPRB3                           00000062
LOOP_B                            00000012
LOOP_RL                           00000018
LTS                               00000001
MC1OUT                            00000007
MC2OUT                            00000006
MSK                               00000093
MSK0                              00000000
MSK1                              00000001
MSK2                              00000002
MSK3                              00000003
MSK4                              00000004
MSK5                              00000005
MSK6                              00000006
MSK7                              00000007
NOT_A                             00000005
NOT_ADDRESS                       00000005
NOT_BO                            00000000
NOT_BOR                           00000000
NOT_DONE                          00000001
NOT_PD                            00000003
NOT_POR                           00000001
MPASM 5.81                          LEDS.ASM   9-1-2025  23:44:19         PAGE  9


SYMBOL TABLE
  LABEL                             VALUE 

NOT_RBPU                          00000007
NOT_RC8                           00000006
NOT_T1SYNC                        00000002
NOT_TO                            00000004
NOT_TX8                           00000006
NOT_W                             00000002
NOT_WRITE                         00000002
OERR                              00000001
OPTION_REG                        00000081
OSCCON                            0000008F
OSCTUNE                           00000090
OSFIE                             00000007
OSFIF                             00000007
OSTS                              00000003
P                                 00000004
P1M0                              00000006
P1M1                              00000007
PCL                               00000002
PCLATH                            0000000A
PCON                              0000008E
PDC0                              00000000
PDC1                              00000001
PDC2                              00000002
PDC3                              00000003
PDC4                              00000004
PDC5                              00000005
PDC6                              00000006
PEIE                              00000006
PEN                               00000002
PIE1                              0000008C
PIE2                              0000008D
PIR1                              0000000C
PIR2                              0000000D
PORTA                             00000005
PORTB                             00000006
PORTC                             00000007
PORTD                             00000008
PORTE                             00000009
PR2                               00000092
PRSEN                             00000007
PS0                               00000000
PS1                               00000001
PS2                               00000002
PSA                               00000003
PSSAC0                            00000002
PSSAC1                            00000003
PSSBD0                            00000000
PSSBD1                            00000001
PSTRCON                           0000009D
PULSR                             00000002
PULSS                             00000003
PWM1CON                           0000009B
R                                 00000002
MPASM 5.81                          LEDS.ASM   9-1-2025  23:44:19         PAGE 10


SYMBOL TABLE
  LABEL                             VALUE 

RA0                               00000000
RA1                               00000001
RA2                               00000002
RA3                               00000003
RA4                               00000004
RA5                               00000005
RA6                               00000006
RA7                               00000007
RB0                               00000000
RB1                               00000001
RB2                               00000002
RB3                               00000003
RB4                               00000004
RB5                               00000005
RB6                               00000006
RB7                               00000007
RBIE                              00000003
RBIF                              00000000
RC0                               00000000
RC1                               00000001
RC2                               00000002
RC3                               00000003
RC4                               00000004
RC5                               00000005
RC6                               00000006
RC7                               00000007
RC8_9                             00000006
RC9                               00000006
RCD8                              00000000
RCEN                              00000003
RCIDL                             00000006
RCIE                              00000005
RCIF                              00000005
RCREG                             0000001A
RCSTA                             00000018
RD                                00000000
RD0                               00000000
RD1                               00000001
RD2                               00000002
RD3                               00000003
RD4                               00000004
RD5                               00000005
RD6                               00000006
RD7                               00000007
RE0                               00000000
RE1                               00000001
RE2                               00000002
RE3                               00000003
READ_WRITE                        00000002
RP0                               00000005
RP1                               00000006
RSEN                              00000001
RX9                               00000006
MPASM 5.81                          LEDS.ASM   9-1-2025  23:44:19         PAGE 11


SYMBOL TABLE
  LABEL                             VALUE 

RX9D                              00000000
R_NOT_W                           00000002
R_W                               00000002
S                                 00000003
SBOREN                            00000004
SCKP                              00000004
SCS                               00000000
SEN                               00000000
SENDB                             00000003
SMP                               00000007
SPBRG                             00000099
SPBRGH                            0000009A
SPEN                              00000007
SR0                               00000006
SR1                               00000007
SRCON                             00000185
SREN                              00000005
SSPADD                            00000093
SSPBUF                            00000013
SSPCON                            00000014
SSPCON2                           00000091
SSPEN                             00000005
SSPIE                             00000003
SSPIF                             00000003
SSPM0                             00000000
SSPM1                             00000001
SSPM2                             00000002
SSPM3                             00000003
SSPMSK                            00000093
SSPOV                             00000006
SSPSTAT                           00000094
STATUS                            00000003
STRA                              00000000
STRB                              00000001
STRC                              00000002
STRD                              00000003
STRSYNC                           00000004
SWDTEN                            00000000
SYNC                              00000004
T0CS                              00000005
T0IE                              00000005
T0IF                              00000002
T0SE                              00000004
T1CKPS0                           00000004
T1CKPS1                           00000005
T1CON                             00000010
T1GINV                            00000007
T1GIV                             00000007
T1GSS                             00000001
T1INSYNC                          00000002
T1OSCEN                           00000003
T1SYNC                            00000002
T2CKPS0                           00000000
MPASM 5.81                          LEDS.ASM   9-1-2025  23:44:19         PAGE 12


SYMBOL TABLE
  LABEL                             VALUE 

T2CKPS1                           00000001
T2CON                             00000012
TMR0                              00000001
TMR0IE                            00000005
TMR0IF                            00000002
TMR1                              0000000E
TMR1CS                            00000001
TMR1GE                            00000006
TMR1H                             0000000F
TMR1IE                            00000000
TMR1IF                            00000000
TMR1L                             0000000E
TMR1ON                            00000000
TMR2                              00000011
TMR2IE                            00000001
TMR2IF                            00000001
TMR2ON                            00000002
TOUTPS0                           00000003
TOUTPS1                           00000004
TOUTPS2                           00000005
TOUTPS3                           00000006
TRE0                              0000000E
TRISA                             00000085
TRISA0                            00000000
TRISA1                            00000001
TRISA2                            00000002
TRISA3                            00000003
TRISA4                            00000004
TRISA5                            00000005
TRISA6                            00000006
TRISA7                            00000007
TRISB                             00000086
TRISB0                            00000000
TRISB1                            00000001
TRISB2                            00000002
TRISB3                            00000003
TRISB4                            00000004
TRISB5                            00000005
TRISB6                            00000006
TRISB7                            00000007
TRISC                             00000087
TRISC0                            00000000
TRISC1                            00000001
TRISC2                            00000002
TRISC3                            00000003
TRISC4                            00000004
TRISC5                            00000005
TRISC6                            00000006
TRISC7                            00000007
TRISD                             00000088
TRISD0                            00000000
TRISD1                            00000001
TRISD2                            00000002
MPASM 5.81                          LEDS.ASM   9-1-2025  23:44:19         PAGE 13


SYMBOL TABLE
  LABEL                             VALUE 

TRISD3                            00000003
TRISD4                            00000004
TRISD5                            00000005
TRISD6                            00000006
TRISD7                            00000007
TRISE                             00000089
TRISE0                            00000000
TRISE1                            00000001
TRISE2                            00000002
TRISE3                            00000003
TRMT                              00000001
TUN0                              00000000
TUN1                              00000001
TUN2                              00000002
TUN3                              00000003
TUN4                              00000004
TX8_9                             00000006
TX9                               00000006
TX9D                              00000000
TXD8                              00000000
TXEN                              00000005
TXIE                              00000004
TXIF                              00000004
TXREG                             00000019
TXSTA                             00000098
UA                                00000001
ULPWUE                            00000005
ULPWUIE                           00000002
ULPWUIF                           00000002
VCFG0                             00000004
VCFG1                             00000005
VR0                               00000000
VR1                               00000001
VR2                               00000002
VR3                               00000003
VRCON                             00000097
VREN                              00000007
VROE                              00000006
VRR                               00000005
VRSS                              00000004
W                                 00000000
WCOL                              00000007
WDTCON                            00000105
WDTPS0                            00000001
WDTPS1                            00000002
WDTPS2                            00000003
WDTPS3                            00000004
WPUB                              00000095
WPUB0                             00000000
WPUB1                             00000001
WPUB2                             00000002
WPUB3                             00000003
WPUB4                             00000004
MPASM 5.81                          LEDS.ASM   9-1-2025  23:44:19         PAGE 14


SYMBOL TABLE
  LABEL                             VALUE 

WPUB5                             00000005
WPUB6                             00000006
WPUB7                             00000007
WR                                00000001
WREN                              00000002
WRERR                             00000003
WUE                               00000001
Z                                 00000002
_BOR21V                           00003EFF
_BOR40V                           00003FFF
_BOR4V_BOR21V                     00003EFF
_BOR4V_BOR40V                     00003FFF
_BOREN_NSLEEP                     00003EFF
_BOREN_OFF                        00003CFF
_BOREN_ON                         00003FFF
_BOREN_SBODEN                     00003DFF
_BOR_NSLEEP                       00003EFF
_BOR_OFF                          00003CFF
_BOR_ON                           00003FFF
_BOR_SBODEN                       00003DFF
_CONFIG1                          00002007
_CONFIG2                          00002008
_CPD_OFF                          00003FFF
_CPD_ON                           00003F7F
_CP_OFF                           00003FFF
_CP_ON                            00003FBF
_DEBUG_OFF                        00003FFF
_DEBUG_ON                         00001FFF
_DEVID1                           00002006
_EC_OSC                           00003FFB
_EXTRC                            00003FFF
_EXTRCIO                          00003FFE
_EXTRC_OSC_CLKOUT                 00003FFF
_EXTRC_OSC_NOCLKOUT               00003FFE
_FCMEN_OFF                        000037FF
_FCMEN_ON                         00003FFF
_FOSC_EC                          00003FFB
_FOSC_EXTRC_CLKOUT                00003FFF
_FOSC_EXTRC_NOCLKOUT              00003FFE
_FOSC_HS                          00003FFA
_FOSC_INTRC_CLKOUT                00003FFD
_FOSC_INTRC_NOCLKOUT              00003FFC
_FOSC_LP                          00003FF8
_FOSC_XT                          00003FF9
_HS_OSC                           00003FFA
_IDLOC0                           00002000
_IDLOC1                           00002001
_IDLOC2                           00002002
_IDLOC3                           00002003
_IESO_OFF                         00003BFF
_IESO_ON                          00003FFF
_INTOSC                           00003FFD
_INTOSCIO                         00003FFC
MPASM 5.81                          LEDS.ASM   9-1-2025  23:44:19         PAGE 15


SYMBOL TABLE
  LABEL                             VALUE 

_INTRC_OSC_CLKOUT                 00003FFD
_INTRC_OSC_NOCLKOUT               00003FFC
_LP_OSC                           00003FF8
_LVP_OFF                          00002FFF
_LVP_ON                           00003FFF
_MCLRE_OFF                        00003FDF
_MCLRE_ON                         00003FFF
_PWRTE_OFF                        00003FFF
_PWRTE_ON                         00003FEF
_WDTE_OFF                         00003FF7
_WDTE_ON                          00003FFF
_WDT_OFF                          00003FF7
_WDT_ON                           00003FFF
_WRT_1FOURTH                      00003BFF
_WRT_256                          00003DFF
_WRT_HALF                         000039FF
_WRT_OFF                          00003FFF
_XT_OSC                           00003FF9
__16F887                          00000001
__DEBUG                           
__MPLAB_DEBUGGER_SIMULATOR        1

Errors   :     0
Warnings :    10 reported,     0 suppressed
Messages :     4 reported,     0 suppressed

